<?xml version="1.0" encoding="UTF-8"?>
<testsuite name="com.ppawl.linkmanager.controllers.LinkControllerTest" tests="3" skipped="0" failures="0" errors="0" timestamp="2020-09-21T14:55:24" hostname="DarkUsers-MacBook-Pro.local" time="0.28">
  <properties/>
  <testcase name="getListContainingElement()" classname="com.ppawl.linkmanager.controllers.LinkControllerTest" time="0.211"/>
  <testcase name="getList()" classname="com.ppawl.linkmanager.controllers.LinkControllerTest" time="0.056"/>
  <testcase name="linkDeferred()" classname="com.ppawl.linkmanager.controllers.LinkControllerTest" time="0.01"/>
  <system-out><![CDATA[16:55:16.984 [Test worker] DEBUG org.springframework.test.context.BootstrapUtils - Instantiating CacheAwareContextLoaderDelegate from class [org.springframework.test.context.cache.DefaultCacheAwareContextLoaderDelegate]
16:55:16.997 [Test worker] DEBUG org.springframework.test.context.BootstrapUtils - Instantiating BootstrapContext using constructor [public org.springframework.test.context.support.DefaultBootstrapContext(java.lang.Class,org.springframework.test.context.CacheAwareContextLoaderDelegate)]
16:55:17.029 [Test worker] DEBUG org.springframework.test.context.BootstrapUtils - Instantiating TestContextBootstrapper for test class [com.ppawl.linkmanager.controllers.LinkControllerTest] from class [org.springframework.boot.test.autoconfigure.web.servlet.WebMvcTestContextBootstrapper]
16:55:17.044 [Test worker] INFO org.springframework.boot.test.autoconfigure.web.servlet.WebMvcTestContextBootstrapper - Neither @ContextConfiguration nor @ContextHierarchy found for test class [com.ppawl.linkmanager.controllers.LinkControllerTest], using SpringBootContextLoader
16:55:17.047 [Test worker] DEBUG org.springframework.test.context.support.AbstractContextLoader - Did not detect default resource location for test class [com.ppawl.linkmanager.controllers.LinkControllerTest]: class path resource [com/ppawl/linkmanager/controllers/LinkControllerTest-context.xml] does not exist
16:55:17.048 [Test worker] DEBUG org.springframework.test.context.support.AbstractContextLoader - Did not detect default resource location for test class [com.ppawl.linkmanager.controllers.LinkControllerTest]: class path resource [com/ppawl/linkmanager/controllers/LinkControllerTestContext.groovy] does not exist
16:55:17.049 [Test worker] INFO org.springframework.test.context.support.AbstractContextLoader - Could not detect default resource locations for test class [com.ppawl.linkmanager.controllers.LinkControllerTest]: no resource found for suffixes {-context.xml, Context.groovy}.
16:55:17.049 [Test worker] INFO org.springframework.test.context.support.AnnotationConfigContextLoaderUtils - Could not detect default configuration classes for test class [com.ppawl.linkmanager.controllers.LinkControllerTest]: LinkControllerTest does not declare any static, non-private, non-final, nested classes annotated with @Configuration.
16:55:17.115 [Test worker] DEBUG org.springframework.test.context.support.ActiveProfilesUtils - Could not find an 'annotation declaring class' for annotation type [org.springframework.test.context.ActiveProfiles] and class [com.ppawl.linkmanager.controllers.LinkControllerTest]
16:55:17.184 [Test worker] DEBUG org.springframework.context.annotation.ClassPathScanningCandidateComponentProvider - Identified candidate component class: file [/Users/pwl/source/link-manager/build/classes/java/main/com/ppawl/linkmanager/LinkManagerApplication.class]
16:55:17.185 [Test worker] INFO org.springframework.boot.test.context.SpringBootTestContextBootstrapper - Found @SpringBootConfiguration com.ppawl.linkmanager.LinkManagerApplication for test class com.ppawl.linkmanager.controllers.LinkControllerTest
16:55:17.187 [Test worker] DEBUG org.springframework.boot.test.autoconfigure.web.servlet.WebMvcTestContextBootstrapper - @TestExecutionListeners is not present for class [com.ppawl.linkmanager.controllers.LinkControllerTest]: using defaults.
16:55:17.188 [Test worker] INFO org.springframework.boot.test.autoconfigure.web.servlet.WebMvcTestContextBootstrapper - Loaded default TestExecutionListener class names from location [META-INF/spring.factories]: [org.springframework.boot.test.autoconfigure.restdocs.RestDocsTestExecutionListener, org.springframework.boot.test.autoconfigure.web.client.MockRestServiceServerResetTestExecutionListener, org.springframework.boot.test.autoconfigure.web.servlet.MockMvcPrintOnlyOnFailureTestExecutionListener, org.springframework.boot.test.autoconfigure.web.servlet.WebDriverTestExecutionListener, org.springframework.boot.test.autoconfigure.webservices.client.MockWebServiceServerTestExecutionListener, org.springframework.boot.test.mock.mockito.MockitoTestExecutionListener, org.springframework.boot.test.mock.mockito.ResetMocksTestExecutionListener, org.springframework.test.context.web.ServletTestExecutionListener, org.springframework.test.context.support.DirtiesContextBeforeModesTestExecutionListener, org.springframework.test.context.support.DependencyInjectionTestExecutionListener, org.springframework.test.context.support.DirtiesContextTestExecutionListener, org.springframework.test.context.transaction.TransactionalTestExecutionListener, org.springframework.test.context.jdbc.SqlScriptsTestExecutionListener, org.springframework.test.context.event.EventPublishingTestExecutionListener]
16:55:17.201 [Test worker] INFO org.springframework.boot.test.autoconfigure.web.servlet.WebMvcTestContextBootstrapper - Using TestExecutionListeners: [org.springframework.test.context.web.ServletTestExecutionListener@488cb0f0, org.springframework.test.context.support.DirtiesContextBeforeModesTestExecutionListener@12ab9bdd, org.springframework.boot.test.mock.mockito.MockitoTestExecutionListener@2e3406dd, org.springframework.boot.test.autoconfigure.SpringBootDependencyInjectionTestExecutionListener@6d541995, org.springframework.test.context.support.DirtiesContextTestExecutionListener@40f22fff, org.springframework.test.context.transaction.TransactionalTestExecutionListener@e49314f, org.springframework.test.context.jdbc.SqlScriptsTestExecutionListener@c5dcb5, org.springframework.test.context.event.EventPublishingTestExecutionListener@4d90e589, org.springframework.boot.test.autoconfigure.restdocs.RestDocsTestExecutionListener@1c4cb613, org.springframework.boot.test.autoconfigure.web.client.MockRestServiceServerResetTestExecutionListener@5bc83f9c, org.springframework.boot.test.autoconfigure.web.servlet.MockMvcPrintOnlyOnFailureTestExecutionListener@75466024, org.springframework.boot.test.autoconfigure.web.servlet.WebDriverTestExecutionListener@3f306fa8, org.springframework.boot.test.autoconfigure.webservices.client.MockWebServiceServerTestExecutionListener@46b5ba73, org.springframework.boot.test.mock.mockito.ResetMocksTestExecutionListener@5c9b59e6]
16:55:17.205 [Test worker] DEBUG org.springframework.test.context.support.AbstractDirtiesContextTestExecutionListener - Before test class: context [DefaultTestContext@797e6c9a testClass = LinkControllerTest, testInstance = [null], testMethod = [null], testException = [null], mergedContextConfiguration = [WebMergedContextConfiguration@6fc989f9 testClass = LinkControllerTest, locations = '{}', classes = '{class com.ppawl.linkmanager.LinkManagerApplication}', contextInitializerClasses = '[]', activeProfiles = '{}', propertySourceLocations = '{}', propertySourceProperties = '{org.springframework.boot.test.autoconfigure.web.servlet.WebMvcTestContextBootstrapper=true}', contextCustomizers = set[org.springframework.boot.test.autoconfigure.OverrideAutoConfigurationContextCustomizerFactory$DisableAutoConfigurationContextCustomizer@17689131, org.springframework.boot.test.autoconfigure.filter.TypeExcludeFiltersContextCustomizer@b4589f9f, org.springframework.boot.test.autoconfigure.properties.PropertyMappingContextCustomizer@dd45b33c, org.springframework.boot.test.autoconfigure.web.servlet.WebDriverContextCustomizerFactory$Customizer@67a71be, [ImportsContextCustomizer@6a61ca29 key = [org.springframework.boot.autoconfigure.cache.CacheAutoConfiguration, org.springframework.boot.autoconfigure.context.MessageSourceAutoConfiguration, org.springframework.boot.autoconfigure.data.web.SpringDataWebAutoConfiguration, org.springframework.boot.autoconfigure.freemarker.FreeMarkerAutoConfiguration, org.springframework.boot.autoconfigure.groovy.template.GroovyTemplateAutoConfiguration, org.springframework.boot.autoconfigure.gson.GsonAutoConfiguration, org.springframework.boot.autoconfigure.hateoas.HypermediaAutoConfiguration, org.springframework.boot.autoconfigure.http.HttpMessageConvertersAutoConfiguration, org.springframework.boot.autoconfigure.jackson.JacksonAutoConfiguration, org.springframework.boot.autoconfigure.jsonb.JsonbAutoConfiguration, org.springframework.boot.autoconfigure.mustache.MustacheAutoConfiguration, org.springframework.boot.autoconfigure.task.TaskExecutionAutoConfiguration, org.springframework.boot.autoconfigure.thymeleaf.ThymeleafAutoConfiguration, org.springframework.boot.autoconfigure.validation.ValidationAutoConfiguration, org.springframework.boot.autoconfigure.web.servlet.error.ErrorMvcAutoConfiguration, org.springframework.boot.autoconfigure.web.servlet.WebMvcAutoConfiguration, org.springframework.boot.test.autoconfigure.web.servlet.MockMvcAutoConfiguration, org.springframework.boot.test.autoconfigure.web.servlet.MockMvcWebClientAutoConfiguration, org.springframework.boot.test.autoconfigure.web.servlet.MockMvcWebDriverAutoConfiguration, org.springframework.boot.autoconfigure.security.oauth2.client.servlet.OAuth2ClientAutoConfiguration, org.springframework.boot.autoconfigure.security.oauth2.resource.servlet.OAuth2ResourceServerAutoConfiguration, org.springframework.boot.autoconfigure.security.servlet.SecurityAutoConfiguration, org.springframework.boot.autoconfigure.security.servlet.SecurityFilterAutoConfiguration, org.springframework.boot.autoconfigure.security.servlet.UserDetailsServiceAutoConfiguration, org.springframework.boot.test.autoconfigure.web.servlet.MockMvcSecurityConfiguration]], org.springframework.boot.test.context.filter.ExcludeFilterContextCustomizer@49139c42, org.springframework.boot.test.json.DuplicateJsonObjectContextCustomizerFactory$DuplicateJsonObjectContextCustomizer@6ade153c, org.springframework.boot.test.mock.mockito.MockitoContextCustomizer@c749c702, org.springframework.boot.test.context.SpringBootTestArgs@1], resourceBasePath = 'src/main/webapp', contextLoader = 'org.springframework.boot.test.context.SpringBootContextLoader', parent = [null]], attributes = map[[empty]]], class annotated with @DirtiesContext [false] with mode [null].
16:55:17.294 [Test worker] DEBUG org.springframework.test.context.support.TestPropertySourceUtils - Adding inlined properties to environment: {spring.jmx.enabled=false, org.springframework.boot.test.autoconfigure.web.servlet.WebMvcTestContextBootstrapper=true}

  .   ____          _            __ _ _
 /\\ / ___'_ __ _ _(_)_ __  __ _ \ \ \ \
( ( )\___ | '_ | '_| | '_ \/ _` | \ \ \ \
 \\/  ___)| |_)| | | | | || (_| |  ) ) ) )
  '  |____| .__|_| |_|_| |_\__, | / / / /
 =========|_|==============|___/=/_/_/_/
 :: Spring Boot ::        (v2.3.3.RELEASE)

2020-09-21 16:55:22.660  INFO 7673 --- [    Test worker] c.p.l.controllers.LinkControllerTest     : Starting LinkControllerTest on DarkUsers-MacBook-Pro.local with PID 7673 (started by pwl in /Users/pwl/source/link-manager)
2020-09-21 16:55:22.665  INFO 7673 --- [    Test worker] c.p.l.controllers.LinkControllerTest     : No active profile set, falling back to default profiles: default
2020-09-21 16:55:23.673  INFO 7673 --- [    Test worker] o.s.s.concurrent.ThreadPoolTaskExecutor  : Initializing ExecutorService
2020-09-21 16:55:23.673  INFO 7673 --- [    Test worker] c.p.linkmanager.LinkManagerApplication   : ThreadPoolTaskExecutor set
2020-09-21 16:55:23.684  INFO 7673 --- [    Test worker] o.s.s.concurrent.ThreadPoolTaskExecutor  : Initializing ExecutorService 'processExecutor'
2020-09-21 16:55:24.843  INFO 7673 --- [    Test worker] o.s.b.t.m.w.SpringBootMockServletContext : Initializing Spring TestDispatcherServlet ''
2020-09-21 16:55:24.843  INFO 7673 --- [    Test worker] o.s.t.web.servlet.TestDispatcherServlet  : Initializing Servlet ''
2020-09-21 16:55:24.855  INFO 7673 --- [    Test worker] o.s.t.web.servlet.TestDispatcherServlet  : Completed initialization in 12 ms
2020-09-21 16:55:24.886  INFO 7673 --- [    Test worker] c.p.l.controllers.LinkControllerTest     : Started LinkControllerTest in 7.581 seconds (JVM running for 8.791)
2020-09-21 16:55:24.941  INFO 7673 --- [    Test worker] n.a.mockneat.utils.file.FileManager      : Loading internal dictionary 'words/en-noun-1syll' in memory. The dictionary contains 5843 lines.
2020-09-21 16:55:24.946  INFO 7673 --- [    Test worker] n.a.mockneat.utils.file.FileManager      : Loading internal dictionary 'first-names-american-female' in memory. The dictionary contains 3306 lines.
2020-09-21 16:55:24.947  INFO 7673 --- [    Test worker] n.a.mockneat.utils.file.FileManager      : Loading internal dictionary 'domain-top-level-popular' in memory. The dictionary contains 7 lines.
2020-09-21 16:55:24.951  INFO 7673 --- [    Test worker] n.a.mockneat.utils.file.FileManager      : Loading internal dictionary 'first-names-american-male' in memory. The dictionary contains 1219 lines.
2020-09-21 16:55:24.978  INFO 7673 --- [    Test worker] n.a.mockneat.utils.file.FileManager      : Loading internal dictionary 'last-names-american' in memory. The dictionary contains 88799 lines.
2020-09-21 16:55:24.979  INFO 7673 --- [    Test worker] n.a.mockneat.utils.file.FileManager      : Loading internal dictionary 'words/en-adjective-1syll' in memory. The dictionary contains 689 lines.
2020-09-21 16:55:24.980  INFO 7673 --- [    Test worker] n.a.mockneat.utils.file.FileManager      : Loading internal dictionary 'words/en-adverb-1syll' in memory. The dictionary contains 165 lines.
2020-09-21 16:55:24.984  INFO 7673 --- [    Test worker] n.a.mockneat.utils.file.FileManager      : Loading internal dictionary 'words/en-verb-2syll' in memory. The dictionary contains 8568 lines.
2020-09-21 16:55:25.113  INFO 7673 --- [    Test worker] n.a.mockneat.utils.file.FileManager      : Loading internal dictionary 'words/en-noun-2syll' in memory. The dictionary contains 22094 lines.
2020-09-21 16:55:25.114  INFO 7673 --- [    Test worker] n.a.mockneat.utils.file.FileManager      : Loading internal dictionary 'words/en-adverb-2syll' in memory. The dictionary contains 765 lines.
2020-09-21 16:55:25.116  INFO 7673 --- [    Test worker] n.a.mockneat.utils.file.FileManager      : Loading internal dictionary 'words/en-verb-1syll' in memory. The dictionary contains 3717 lines.
2020-09-21 16:55:25.122  INFO 7673 --- [    Test worker] n.a.mockneat.utils.file.FileManager      : Loading internal dictionary 'words/en-noun-3syll' in memory. The dictionary contains 20600 lines.
2020-09-21 16:55:25.125  INFO 7673 --- [    Test worker] n.a.mockneat.utils.file.FileManager      : Loading internal dictionary 'words/en-verb-3syll' in memory. The dictionary contains 6365 lines.
2020-09-21 16:55:25.127  INFO 7673 --- [    Test worker] n.a.mockneat.utils.file.FileManager      : Loading internal dictionary 'words/en-adjective-3syll' in memory. The dictionary contains 6923 lines.
2020-09-21 16:55:25.131  INFO 7673 --- [    Test worker] n.a.mockneat.utils.file.FileManager      : Loading internal dictionary 'words/en-adjective-2syll' in memory. The dictionary contains 5186 lines.
2020-09-21 16:55:25.134  INFO 7673 --- [    Test worker] n.a.mockneat.utils.file.FileManager      : Loading internal dictionary 'words/en-adverb-3syll' in memory. The dictionary contains 1545 lines.
]]></system-out>
  <system-err><![CDATA[]]></system-err>
</testsuite>
